<?xml version="1.0" encoding="UTF-8"?>
<!-- Generated by org.testng.reporters.JUnitReportReporter -->
<testsuite skipped="0" hostname="Khaled" name="tests.UserRegisterationTest" tests="4" failures="0" timestamp="2020-04-13T05:08:49 EET" time="16.303" errors="0">
  <testcase name="getResponseSignUP" time="1.373" classname="tests.UserRegisterationTest"/>
  <system-out/>
  <testcase name="RegisteredUserCanLogin" time="4.011" classname="tests.UserRegisterationTest"/>
  <system-out/>
  <testcase name="RegisteredUserCanLogout" time="1.767" classname="tests.UserRegisterationTest"/>
  <system-out/>
  <testcase name="UserCanRegisterSuccessfully" time="9.152" classname="tests.UserRegisterationTest"/>
  <system-out/>
</testsuite> <!-- tests.UserRegisterationTest -->
