<?xml version="1.0" encoding="UTF-8"?>
<!-- Generated by org.testng.reporters.JUnitReportReporter -->
<testsuite skipped="0" hostname="Khaled" name="tests.UserRegisterationTest" tests="4" failures="0" timestamp="2020-04-13T05:00:07 EET" time="21.323" errors="0">
  <testcase name="getResponseSignUP" time="1.586" classname="tests.UserRegisterationTest"/>
  <system-out/>
  <testcase name="RegisteredUserCanLogin" time="4.574" classname="tests.UserRegisterationTest"/>
  <system-out/>
  <testcase name="RegisteredUserCanLogout" time="3.060" classname="tests.UserRegisterationTest"/>
  <system-out/>
  <testcase name="UserCanRegisterSuccessfully" time="12.103" classname="tests.UserRegisterationTest"/>
  <system-out/>
</testsuite> <!-- tests.UserRegisterationTest -->
